
> portfolio@0.1.0 build
> next build

   Γû▓ Next.js 14.1.3

   Creating an optimized production build ...
 Γ£ô Compiled successfully
   Linting and checking validity of types ...
   Collecting page data ...
   Generating static pages (0/4) ...

   Generating static pages (1/4) 

   Generating static pages (2/4) 

   Generating static pages (3/4) 

 Γ£ô Generating static pages (4/4) 
   Finalizing page optimization ...
   Collecting build traces ...

Route (app)                              Size     First Load JS
Γöî Γùï /                                    12.8 kB         135 kB
Γöö Γùï /_not-found                          882 B          85.2 kB
+ First Load JS shared by all            84.3 kB
  Γö£ chunks/69-3fcb97ff05fcb333.js        29 kB
  Γö£ chunks/fd9d1056-9cadcbe06bb4fdbc.js  53.4 kB
  Γöö other shared chunks (total)          1.94 kB


Γùï  (Static)  prerendered as static content

